# JRE version: OpenJDK Runtime Environment (17.0.7) (build 17.0.7+0-b2043.56-10550314)
# Java VM: OpenJDK 64-Bit Server VM (17.0.7+0-b2043.56-10550314, mixed mode, tiered, compressed oops, compressed class ptrs, g1 gc, windows-amd64)
GC Precious Log:
 CPUs: 8 total, 8 available
 Memory: 6081M
 Large Page Support: Disabled
 NUMA Support: Disabled
 Compressed Oops: Enabled (32-bit)
 Heap Region Size: 1M
 Heap Min Capacity: 8M
 Heap Initial Capacity: 96M
 Heap Max Capacity: 2G
 Pre-touch: Disabled
 Parallel Workers: 8
 Concurrent Workers: 2
 Concurrent Refinement Workers: 8
 Periodic GC: Disabled
Heap:
 garbage-first heap   total 145408K, used 105159K [0x0000000080000000, 0x0000000100000000)
  region size 1024K, 23 young (23552K), 1 survivors (1024K)
 Metaspace       used 66347K, committed 67008K, reserved 1114112K
  class space    used 8974K, committed 9280K, reserved 1048576K
GC Heap History (20 events):
Event: 27.325 GC heap before
{Heap before GC invocations=27 (full 0):
 garbage-first heap   total 114688K, used 92403K [0x0000000080000000, 0x0000000100000000)
  region size 1024K, 28 young (28672K), 3 survivors (3072K)
 Metaspace       used 57247K, committed 57856K, reserved 1114112K
  class space    used 7770K, committed 8064K, reserved 1048576K
}
Event: 27.334 GC heap after
{Heap after GC invocations=28 (full 0):
 garbage-first heap   total 114688K, used 70062K [0x0000000080000000, 0x0000000100000000)
  region size 1024K, 4 young (4096K), 4 survivors (4096K)
 Metaspace       used 57247K, committed 57856K, reserved 1114112K
  class space    used 7770K, committed 8064K, reserved 1048576K
}
Event: 28.161 GC heap before
{Heap before GC invocations=29 (full 0):
 garbage-first heap   total 119808K, used 82350K [0x0000000080000000, 0x0000000100000000)
  region size 1024K, 18 young (18432K), 4 survivors (4096K)
 Metaspace       used 57504K, committed 58240K, reserved 1114112K
  class space    used 7790K, committed 8128K, reserved 1048576K
}
Event: 28.168 GC heap after
{Heap after GC invocations=30 (full 0):
 garbage-first heap   total 119808K, used 70899K [0x0000000080000000, 0x0000000100000000)
  region size 1024K, 2 young (2048K), 2 survivors (2048K)
 Metaspace       used 57504K, committed 58240K, reserved 1114112K
  class space    used 7790K, committed 8128K, reserved 1048576K
}
Event: 28.288 GC heap before
{Heap before GC invocations=31 (full 0):
 garbage-first heap   total 124928K, used 71923K [0x0000000080000000, 0x0000000100000000)
  region size 1024K, 3 young (3072K), 2 survivors (2048K)
 Metaspace       used 57508K, committed 58240K, reserved 1114112K
  class space    used 7791K, committed 8128K, reserved 1048576K
}
Event: 28.292 GC heap after
{Heap after GC invocations=32 (full 0):
 garbage-first heap   total 124928K, used 71985K [0x0000000080000000, 0x0000000100000000)
  region size 1024K, 2 young (2048K), 2 survivors (2048K)
 Metaspace       used 57508K, committed 58240K, reserved 1114112K
  class space    used 7791K, committed 8128K, reserved 1048576K
}
Event: 28.439 GC heap before
{Heap before GC invocations=33 (full 0):
 garbage-first heap   total 126976K, used 74033K [0x0000000080000000, 0x0000000100000000)
  region size 1024K, 4 young (4096K), 2 survivors (2048K)
 Metaspace       used 57524K, committed 58240K, reserved 1114112K
  class space    used 7794K, committed 8128K, reserved 1048576K
}
Event: 28.443 GC heap after
{Heap after GC invocations=34 (full 0):
 garbage-first heap   total 126976K, used 73472K [0x0000000080000000, 0x0000000100000000)
  region size 1024K, 2 young (2048K), 2 survivors (2048K)
 Metaspace       used 57524K, committed 58240K, reserved 1114112K
  class space    used 7794K, committed 8128K, reserved 1048576K
}
Event: 28.602 GC heap before
{Heap before GC invocations=35 (full 0):
 garbage-first heap   total 128000K, used 74496K [0x0000000080000000, 0x0000000100000000)
  region size 1024K, 4 young (4096K), 2 survivors (2048K)
 Metaspace       used 57552K, committed 58240K, reserved 1114112K
  class space    used 7796K, committed 8128K, reserved 1048576K
}
Event: 28.605 GC heap after
{Heap after GC invocations=36 (full 0):
 garbage-first heap   total 128000K, used 75321K [0x0000000080000000, 0x0000000100000000)
  region size 1024K, 2 young (2048K), 2 survivors (2048K)
 Metaspace       used 57552K, committed 58240K, reserved 1114112K
  class space    used 7796K, committed 8128K, reserved 1048576K
}
Event: 29.230 GC heap before
{Heap before GC invocations=37 (full 0):
 garbage-first heap   total 132096K, used 82489K [0x0000000080000000, 0x0000000100000000)
  region size 1024K, 9 young (9216K), 2 survivors (2048K)
 Metaspace       used 57848K, committed 58560K, reserved 1114112K
  class space    used 7848K, committed 8192K, reserved 1048576K
}
Event: 29.234 GC heap after
{Heap after GC invocations=38 (full 0):
 garbage-first heap   total 132096K, used 79972K [0x0000000080000000, 0x0000000100000000)
  region size 1024K, 3 young (3072K), 3 survivors (3072K)
 Metaspace       used 57848K, committed 58560K, reserved 1114112K
  class space    used 7848K, committed 8192K, reserved 1048576K
}
Event: 29.545 GC heap before
{Heap before GC invocations=39 (full 0):
 garbage-first heap   total 138240K, used 90212K [0x0000000080000000, 0x0000000100000000)
  region size 1024K, 14 young (14336K), 3 survivors (3072K)
 Metaspace       used 58438K, committed 59136K, reserved 1114112K
  class space    used 7905K, committed 8256K, reserved 1048576K
}
Event: 29.549 GC heap after
{Heap after GC invocations=40 (full 0):
 garbage-first heap   total 138240K, used 81734K [0x0000000080000000, 0x0000000100000000)
  region size 1024K, 2 young (2048K), 2 survivors (2048K)
 Metaspace       used 58438K, committed 59136K, reserved 1114112K
  class space    used 7905K, committed 8256K, reserved 1048576K
}
Event: 30.879 GC heap before
{Heap before GC invocations=41 (full 0):
 garbage-first heap   total 143360K, used 102214K [0x0000000080000000, 0x0000000100000000)
  region size 1024K, 21 young (21504K), 2 survivors (2048K)
 Metaspace       used 60136K, committed 60800K, reserved 1114112K
  class space    used 8165K, committed 8448K, reserved 1048576K
}
Event: 30.883 GC heap after
{Heap after GC invocations=42 (full 0):
 garbage-first heap   total 143360K, used 83340K [0x0000000080000000, 0x0000000100000000)
  region size 1024K, 1 young (1024K), 1 survivors (1024K)
 Metaspace       used 60136K, committed 60800K, reserved 1114112K
  class space    used 8165K, committed 8448K, reserved 1048576K
}
Event: 31.193 GC heap before
{Heap before GC invocations=42 (full 0):
 garbage-first heap   total 143360K, used 88460K [0x0000000080000000, 0x0000000100000000)
  region size 1024K, 7 young (7168K), 1 survivors (1024K)
 Metaspace       used 60713K, committed 61376K, reserved 1114112K
  class space    used 8229K, committed 8576K, reserved 1048576K
}
Event: 31.198 GC heap after
{Heap after GC invocations=43 (full 0):
 garbage-first heap   total 143360K, used 83150K [0x0000000080000000, 0x0000000100000000)
  region size 1024K, 1 young (1024K), 1 survivors (1024K)
 Metaspace       used 60713K, committed 61376K, reserved 1114112K
  class space    used 8229K, committed 8576K, reserved 1048576K
}
Event: 32.102 GC heap before
{Heap before GC invocations=43 (full 0):
 garbage-first heap   total 143360K, used 105678K [0x0000000080000000, 0x0000000100000000)
  region size 1024K, 23 young (23552K), 1 survivors (1024K)
 Metaspace       used 63291K, committed 63936K, reserved 1114112K
  class space    used 8532K, committed 8832K, reserved 1048576K
}
Event: 32.106 GC heap after
{Heap after GC invocations=44 (full 0):
 garbage-first heap   total 143360K, used 83655K [0x0000000080000000, 0x0000000100000000)
  region size 1024K, 1 young (1024K), 1 survivors (1024K)
 Metaspace       used 63291K, committed 63936K, reserved 1114112K
  class space    used 8532K, committed 8832K, reserved 1048576K
}

