# JRE version: OpenJDK Runtime Environment (17.0.7) (build 17.0.7+0-b2043.56-10550314)
# Java VM: OpenJDK 64-Bit Server VM (17.0.7+0-b2043.56-10550314, mixed mode, tiered, compressed oops, compressed class ptrs, g1 gc, windows-amd64)
GC Precious Log:
 CPUs: 8 total, 8 available
 Memory: 6081M
 Large Page Support: Disabled
 NUMA Support: Disabled
 Compressed Oops: Enabled (32-bit)
 Heap Region Size: 1M
 Heap Min Capacity: 8M
 Heap Initial Capacity: 96M
 Heap Max Capacity: 2G
 Pre-touch: Disabled
 Parallel Workers: 8
 Concurrent Workers: 2
 Concurrent Refinement Workers: 8
 Periodic GC: Disabled
Heap:
 garbage-first heap   total 326656K, used 258987K [0x0000000080000000, 0x0000000100000000)
  region size 1024K, 76 young (77824K), 2 survivors (2048K)
 Metaspace       used 116841K, committed 117952K, reserved 1179648K
  class space    used 15668K, committed 16192K, reserved 1048576K
GC Heap History (20 events):
Event: 49.096 GC heap before
{Heap before GC invocations=62 (full 0):
 garbage-first heap   total 261120K, used 212775K [0x0000000080000000, 0x0000000100000000)
  region size 1024K, 62 young (63488K), 4 survivors (4096K)
 Metaspace       used 95376K, committed 96128K, reserved 1179648K
  class space    used 13121K, committed 13504K, reserved 1048576K
}
Event: 49.103 GC heap after
{Heap after GC invocations=63 (full 0):
 garbage-first heap   total 261120K, used 156311K [0x0000000080000000, 0x0000000100000000)
  region size 1024K, 6 young (6144K), 6 survivors (6144K)
 Metaspace       used 95376K, committed 96128K, reserved 1179648K
  class space    used 13121K, committed 13504K, reserved 1048576K
}
Event: 51.186 GC heap before
{Heap before GC invocations=63 (full 0):
 garbage-first heap   total 261120K, used 216727K [0x0000000080000000, 0x0000000100000000)
  region size 1024K, 65 young (66560K), 6 survivors (6144K)
 Metaspace       used 95377K, committed 96128K, reserved 1179648K
  class space    used 13121K, committed 13504K, reserved 1048576K
}
Event: 51.198 GC heap after
{Heap after GC invocations=64 (full 0):
 garbage-first heap   total 261120K, used 159454K [0x0000000080000000, 0x0000000100000000)
  region size 1024K, 6 young (6144K), 6 survivors (6144K)
 Metaspace       used 95377K, committed 96128K, reserved 1179648K
  class space    used 13121K, committed 13504K, reserved 1048576K
}
Event: 52.985 GC heap before
{Heap before GC invocations=64 (full 0):
 garbage-first heap   total 261120K, used 210654K [0x0000000080000000, 0x0000000100000000)
  region size 1024K, 53 young (54272K), 6 survivors (6144K)
 Metaspace       used 95413K, committed 96128K, reserved 1179648K
  class space    used 13132K, committed 13504K, reserved 1048576K
}
Event: 52.996 GC heap after
{Heap after GC invocations=65 (full 0):
 garbage-first heap   total 261120K, used 165810K [0x0000000080000000, 0x0000000100000000)
  region size 1024K, 6 young (6144K), 6 survivors (6144K)
 Metaspace       used 95413K, committed 96128K, reserved 1179648K
  class space    used 13132K, committed 13504K, reserved 1048576K
}
Event: 54.357 GC heap before
{Heap before GC invocations=66 (full 0):
 garbage-first heap   total 326656K, used 229298K [0x0000000080000000, 0x0000000100000000)
  region size 1024K, 55 young (56320K), 6 survivors (6144K)
 Metaspace       used 99505K, committed 100352K, reserved 1179648K
  class space    used 13592K, committed 14016K, reserved 1048576K
}
Event: 54.376 GC heap after
{Heap after GC invocations=67 (full 0):
 garbage-first heap   total 326656K, used 169682K [0x0000000080000000, 0x0000000100000000)
  region size 1024K, 7 young (7168K), 7 survivors (7168K)
 Metaspace       used 99505K, committed 100352K, reserved 1179648K
  class space    used 13592K, committed 14016K, reserved 1048576K
}
Event: 54.566 GC heap before
{Heap before GC invocations=67 (full 0):
 garbage-first heap   total 326656K, used 176850K [0x0000000080000000, 0x0000000100000000)
  region size 1024K, 15 young (15360K), 7 survivors (7168K)
 Metaspace       used 100341K, committed 101120K, reserved 1179648K
  class space    used 13735K, committed 14144K, reserved 1048576K
}
Event: 54.574 GC heap after
{Heap after GC invocations=68 (full 0):
 garbage-first heap   total 326656K, used 170649K [0x0000000080000000, 0x0000000100000000)
  region size 1024K, 2 young (2048K), 2 survivors (2048K)
 Metaspace       used 100341K, committed 101120K, reserved 1179648K
  class space    used 13735K, committed 14144K, reserved 1048576K
}
Event: 57.568 GC heap before
{Heap before GC invocations=68 (full 0):
 garbage-first heap   total 326656K, used 257689K [0x0000000080000000, 0x0000000100000000)
  region size 1024K, 83 young (84992K), 2 survivors (2048K)
 Metaspace       used 107489K, committed 108352K, reserved 1179648K
  class space    used 14562K, committed 14976K, reserved 1048576K
}
Event: 57.584 GC heap after
{Heap after GC invocations=69 (full 0):
 garbage-first heap   total 326656K, used 175051K [0x0000000080000000, 0x0000000100000000)
  region size 1024K, 6 young (6144K), 6 survivors (6144K)
 Metaspace       used 107489K, committed 108352K, reserved 1179648K
  class space    used 14562K, committed 14976K, reserved 1048576K
}
Event: 61.301 GC heap before
{Heap before GC invocations=69 (full 0):
 garbage-first heap   total 326656K, used 266187K [0x0000000080000000, 0x0000000100000000)
  region size 1024K, 95 young (97280K), 6 survivors (6144K)
 Metaspace       used 111107K, committed 112000K, reserved 1179648K
  class space    used 14996K, committed 15424K, reserved 1048576K
}
Event: 61.322 GC heap after
{Heap after GC invocations=70 (full 0):
 garbage-first heap   total 326656K, used 181719K [0x0000000080000000, 0x0000000100000000)
  region size 1024K, 12 young (12288K), 12 survivors (12288K)
 Metaspace       used 111107K, committed 112000K, reserved 1179648K
  class space    used 14996K, committed 15424K, reserved 1048576K
}
Event: 2490.410 GC heap before
{Heap before GC invocations=70 (full 0):
 garbage-first heap   total 326656K, used 267735K [0x0000000080000000, 0x0000000100000000)
  region size 1024K, 96 young (98304K), 12 survivors (12288K)
 Metaspace       used 113517K, committed 114432K, reserved 1179648K
  class space    used 15307K, committed 15744K, reserved 1048576K
}
Event: 2490.652 GC heap after
{Heap after GC invocations=71 (full 0):
 garbage-first heap   total 326656K, used 183787K [0x0000000080000000, 0x0000000100000000)
  region size 1024K, 3 young (3072K), 3 survivors (3072K)
 Metaspace       used 113517K, committed 114432K, reserved 1179648K
  class space    used 15307K, committed 15744K, reserved 1048576K
}
Event: 3866.214 GC heap before
{Heap before GC invocations=71 (full 0):
 garbage-first heap   total 326656K, used 270827K [0x0000000080000000, 0x0000000100000000)
  region size 1024K, 89 young (91136K), 3 survivors (3072K)
 Metaspace       used 114175K, committed 115136K, reserved 1179648K
  class space    used 15348K, committed 15808K, reserved 1048576K
}
Event: 3866.300 GC heap after
{Heap after GC invocations=72 (full 0):
 garbage-first heap   total 326656K, used 188331K [0x0000000080000000, 0x0000000100000000)
  region size 1024K, 8 young (8192K), 8 survivors (8192K)
 Metaspace       used 114175K, committed 115136K, reserved 1179648K
  class space    used 15348K, committed 15808K, reserved 1048576K
}
Event: 5113.789 GC heap before
{Heap before GC invocations=72 (full 0):
 garbage-first heap   total 326656K, used 272299K [0x0000000080000000, 0x0000000100000000)
  region size 1024K, 91 young (93184K), 8 survivors (8192K)
 Metaspace       used 114888K, committed 115968K, reserved 1179648K
  class space    used 15411K, committed 15936K, reserved 1048576K
}
Event: 5114.037 GC heap after
{Heap after GC invocations=73 (full 0):
 garbage-first heap   total 326656K, used 184235K [0x0000000080000000, 0x0000000100000000)
  region size 1024K, 2 young (2048K), 2 survivors (2048K)
 Metaspace       used 114888K, committed 115968K, reserved 1179648K
  class space    used 15411K, committed 15936K, reserved 1048576K
}

